<?xml version="1.0" encoding="utf-8"?><testsuites name="pytest tests"><testsuite name="pytest" errors="0" failures="0" skipped="0" tests="27" time="2.958" timestamp="2026-06-22T17:37:44.056454+00:00" hostname="agent-env-ccdac93f-4e1f-4bf4-ae86-d29bf98aade7"><testcase classname="backend.tests.test_aayna_storefront.TestSettings" name="test_settings" time="0.276" /><testcase classname="backend.tests.test_aayna_storefront.TestSettings" name="test_districts" time="0.048" /><testcase classname="backend.tests.test_aayna_storefront.TestCategories" name="test_list_categories" time="0.050" /><testcase classname="backend.tests.test_aayna_storefront.TestCategories" name="test_get_category_by_slug" time="0.098" /><testcase classname="backend.tests.test_aayna_storefront.TestCategories" name="test_category_not_found" time="0.050" /><testcase classname="backend.tests.test_aayna_storefront.TestProducts" name="test_list_products_and_no_cost_leak" time="0.049" /><testcase classname="backend.tests.test_aayna_storefront.TestProducts" name="test_filter_category" time="0.051" /><testcase classname="backend.tests.test_aayna_storefront.TestProducts" name="test_filter_new_arrival" time="0.051" /><testcase classname="backend.tests.test_aayna_storefront.TestProducts" name="test_filter_best_seller" time="0.046" /><testcase classname="backend.tests.test_aayna_storefront.TestProducts" name="test_search" time="0.048" /><testcase classname="backend.tests.test_aayna_storefront.TestProducts" name="test_sort_price_low" time="0.047" /><testcase classname="backend.tests.test_aayna_storefront.TestProducts" name="test_sort_price_high" time="0.049" /><testcase classname="backend.tests.test_aayna_storefront.TestProducts" name="test_product_detail_with_related" time="0.095" /><testcase classname="backend.tests.test_aayna_storefront.TestProducts" name="test_product_not_found" time="0.053" /><testcase classname="backend.tests.test_aayna_storefront.TestCartValidate" name="test_cart_validate_dhaka" time="0.095" /><testcase classname="backend.tests.test_aayna_storefront.TestCartValidate" name="test_cart_validate_outside_dhaka" time="0.113" /><testcase classname="backend.tests.test_aayna_storefront.TestCartValidate" name="test_cart_validate_over_quantity" time="0.111" /><testcase classname="backend.tests.test_aayna_storefront.TestCheckout" name="test_checkout_invalid_phone" time="0.524" /><testcase classname="backend.tests.test_aayna_storefront.TestCheckout" name="test_checkout_invalid_district" time="0.095" /><testcase classname="backend.tests.test_aayna_storefront.TestCheckout" name="test_checkout_missing_name" time="0.095" /><testcase classname="backend.tests.test_aayna_storefront.TestCheckout" name="test_checkout_over_quantity_blocked" time="0.094" /><testcase classname="backend.tests.test_aayna_storefront.TestCheckout" name="test_full_checkout_dhaka_and_no_phone_leak" time="0.239" /><testcase classname="backend.tests.test_aayna_storefront.TestCheckout" name="test_checkout_outside_dhaka_charge" time="0.175" /><testcase classname="backend.tests.test_aayna_storefront.TestTrack" name="test_track_by_order_number" time="0.046" /><testcase classname="backend.tests.test_aayna_storefront.TestTrack" name="test_track_by_phone" time="0.048" /><testcase classname="backend.tests.test_aayna_storefront.TestTrack" name="test_track_invalid" time="0.046" /><testcase classname="backend.tests.test_aayna_storefront.TestTrack" name="test_track_empty_input" time="0.046" /></testsuite></testsuites>