<?xml version="1.0" encoding="utf-8"?><testsuites name="pytest tests"><testsuite name="pytest" errors="0" failures="0" skipped="0" tests="31" time="5.499" timestamp="2026-06-22T18:11:59.815342+00:00" hostname="agent-env-ccdac93f-4e1f-4bf4-ae86-d29bf98aade7"><testcase classname="backend.tests.test_aayna_admin.TestAdminAuth" name="test_login_success" time="0.540" /><testcase classname="backend.tests.test_aayna_admin.TestAdminAuth" name="test_login_wrong_password" time="0.273" /><testcase classname="backend.tests.test_aayna_admin.TestAdminAuth" name="test_login_unknown_email" time="0.047" /><testcase classname="backend.tests.test_aayna_admin.TestAdminAuth" name="test_me_requires_auth" time="0.044" /><testcase classname="backend.tests.test_aayna_admin.TestAdminAuth" name="test_me_with_token" time="0.387" /><testcase classname="backend.tests.test_aayna_admin.TestAdminAuth" name="test_admin_route_without_token" time="0.045" /><testcase classname="backend.tests.test_aayna_admin.TestAdminAuth" name="test_invalid_token" time="0.042" /><testcase classname="backend.tests.test_aayna_admin.TestDashboard" name="test_dashboard_keys" time="0.055" /><testcase classname="backend.tests.test_aayna_admin.TestProducts" name="test_admin_list_products_has_cost" time="0.052" /><testcase classname="backend.tests.test_aayna_admin.TestProducts" name="test_filter_search" time="0.051" /><testcase classname="backend.tests.test_aayna_admin.TestProducts" name="test_create_edit_delete_no_history" time="0.421" /><testcase classname="backend.tests.test_aayna_admin.TestProducts" name="test_delete_with_history_deactivates" time="0.213" /><testcase classname="backend.tests.test_aayna_admin.TestCategories" name="test_list_with_counts" time="0.049" /><testcase classname="backend.tests.test_aayna_admin.TestCategories" name="test_create_and_update_category" time="0.249" /><testcase classname="backend.tests.test_aayna_admin.TestOrders" name="test_list_orders" time="0.051" /><testcase classname="backend.tests.test_aayna_admin.TestOrders" name="test_update_order_full_flow" time="0.308" /><testcase classname="backend.tests.test_aayna_admin.TestOrders" name="test_update_order_invalid_status" time="0.052" /><testcase classname="backend.tests.test_aayna_admin.TestInventory" name="test_list_and_adjust" time="0.197" /><testcase classname="backend.tests.test_aayna_admin.TestInventory" name="test_low_stock_only" time="0.067" /><testcase classname="backend.tests.test_aayna_admin.TestCustomers" name="test_list_and_detail" time="0.120" /><testcase classname="backend.tests.test_aayna_admin.TestSettings" name="test_get_settings" time="0.047" /><testcase classname="backend.tests.test_aayna_admin.TestSettings" name="test_update_settings_reflects_public" time="0.160" /><testcase classname="backend.tests.test_aayna_admin.TestCSV" name="test_export_products" time="0.071" /><testcase classname="backend.tests.test_aayna_admin.TestCSV" name="test_export_orders" time="0.049" /><testcase classname="backend.tests.test_aayna_admin.TestCSV" name="test_export_customers" time="0.050" /><testcase classname="backend.tests.test_aayna_admin.TestCSV" name="test_import_products" time="0.118" /><testcase classname="backend.tests.test_aayna_admin.TestStorageUpload" name="test_upload_requires_admin" time="0.154" /><testcase classname="backend.tests.test_aayna_admin.TestStorageUpload" name="test_upload_returns_path_and_public_get" time="0.532" /><testcase classname="backend.tests.test_aayna_admin.TestM1Regression" name="test_products_no_cost_leak" time="0.106" /><testcase classname="backend.tests.test_aayna_admin.TestM1Regression" name="test_districts_and_settings_public" time="0.574" /><testcase classname="backend.tests.test_aayna_admin.TestM1Regression" name="test_guest_checkout_still_works" time="0.245" /></testsuite></testsuites>